2023-03-13 05:44:23.942 INFO  (main) [] o.e.j.u.log Logging initialized @1746ms to org.eclipse.jetty.util.log.Slf4jLog
2023-03-13 05:44:24.268 INFO  (main) [] o.e.j.s.Server jetty-9.4.48.v20220622; built: 2022-06-21T20:42:25.880Z; git: 6b67c5719d1f4371b33655ff2d047d24e171e49a; jvm 19.0.2+7-44
2023-03-13 05:44:24.958 INFO  (main) [] o.a.s.s.CoreContainerProvider Using logger factory org.apache.logging.slf4j.Log4jLoggerFactory
2023-03-13 05:44:24.973 INFO  (main) [] o.a.s.s.CoreContainerProvider  ___      _       Welcome to Apache Solr™ version 9.1.1
2023-03-13 05:44:24.973 INFO  (main) [] o.a.s.s.CoreContainerProvider / __| ___| |_ _   Starting in standalone mode on port 8983
2023-03-13 05:44:24.974 INFO  (main) [] o.a.s.s.CoreContainerProvider \__ \/ _ \ | '_|  Install dir: C:\Users\Zhaoyuan\Downloads\solr-9.1.1\solr-9.1.1\solr-9.1.1
2023-03-13 05:44:24.974 INFO  (main) [] o.a.s.s.CoreContainerProvider |___/\___/_|_|    Start time: 2023-03-13T05:44:24.974433Z
2023-03-13 05:44:24.982 INFO  (main) [] o.a.s.s.CoreContainerProvider Solr Home: C:\Users\Zhaoyuan\Downloads\solr-9.1.1\solr-9.1.1\solr-9.1.1\server\solr (source: system property: solr.solr.home)
2023-03-13 05:44:24.985 INFO  (main) [] o.a.s.c.SolrXmlConfig Loading solr.xml from C:\Users\Zhaoyuan\Downloads\solr-9.1.1\solr-9.1.1\solr-9.1.1\server\solr\solr.xml
2023-03-13 05:44:25.113 INFO  (main) [] o.a.s.c.SolrResourceLoader Added 1 libs to classloader, from paths: [/C:/Users/Zhaoyuan/Downloads/solr-9.1.1/solr-9.1.1/solr-9.1.1/lib]
2023-03-13 05:44:26.543 WARN  (main) [] o.a.s.u.StartupLoggingUtils Jetty request logging enabled. Will retain logs for last 3 days. See chapter "Configuring Logging" in reference guide for how to configure.
2023-03-13 05:44:26.546 WARN  (main) [] o.a.s.c.CoreContainer Not all security plugins configured!  authentication=disabled authorization=disabled.  Solr is only as secure as you make it. Consider configuring authentication/authorization before exposing Solr to users internal or external.  See https://s.apache.org/solrsecurity for more info
2023-03-13 05:44:26.940 INFO  (main) [] o.a.s.c.CorePropertiesLocator Found 0 core definitions underneath C:\Users\Zhaoyuan\Downloads\solr-9.1.1\solr-9.1.1\solr-9.1.1\server\solr
2023-03-13 05:44:27.398 INFO  (main) [] o.e.j.s.h.ContextHandler Started o.e.j.w.WebAppContext@407cf41{/solr,file:///C:/Users/Zhaoyuan/Downloads/solr-9.1.1/solr-9.1.1/solr-9.1.1/server/solr-webapp/webapp/,AVAILABLE}{C:\Users\Zhaoyuan\Downloads\solr-9.1.1\solr-9.1.1\solr-9.1.1\server/solr-webapp/webapp}
2023-03-13 05:44:27.406 INFO  (main) [] o.e.j.s.RequestLogWriter Opened C:\Users\Zhaoyuan\Downloads\solr-9.1.1\solr-9.1.1\solr-9.1.1\server\logs\2023_03_13.request.log
2023-03-13 05:44:27.419 INFO  (main) [] o.e.j.s.AbstractConnector Started ServerConnector@7e38a7fe{HTTP/1.1, (http/1.1, h2c)}{127.0.0.1:8983}
2023-03-13 05:44:27.420 INFO  (main) [] o.e.j.s.Server Started @5227ms
2023-03-13 05:44:29.176 INFO  (qtp1511909371-41) [] o.a.s.s.HttpSolrCall [admin] webapp=null path=/admin/info/system params={wt=json} status=0 QTime=110
2023-03-13 05:45:00.754 INFO  (qtp1511909371-40) [] o.a.s.c.TransientSolrCoreCacheDefault Allocating transient core cache for max 2147483647 cores with initial capacity of 1024
2023-03-13 05:45:00.764 INFO  (qtp1511909371-40) [] o.a.s.s.HttpSolrCall [admin] webapp=null path=/admin/cores params={indexInfo=false&wt=json&_=1678686300677} status=0 QTime=14
2023-03-13 05:45:00.827 INFO  (qtp1511909371-42) [] o.a.s.s.HttpSolrCall [admin] webapp=null path=/admin/info/system params={wt=json&_=1678686300677} status=0 QTime=77
2023-03-13 05:45:00.884 INFO  (qtp1511909371-33) [] o.a.s.s.HttpSolrCall [admin] webapp=null path=/admin/info/system params={wt=json&_=1678686300677} status=0 QTime=52
